<?xml version="1.0" encoding="UTF-8"?>
<!-- Generated by org.testng.reporters.JUnitReportReporter -->
<testsuite hostname="WIN-Q4EGG6AO2S8" failures="0" tests="1" name="mvn.demo.Ecom_tc_3" time="31.911" errors="0" timestamp="2021-10-05T13:44:02 IST" skipped="0">
  <testcase classname="mvn.demo.Ecom_tc_3" name="checkcart" time="31.911"/>
  <system-out/>
</testsuite> <!-- mvn.demo.Ecom_tc_3 -->
